23/09/2022 13:42:10	This log contains information about the import schema operation into project 'PhoneService_DB' on computer 'DESKTOP-G616HPC' by user 'Sayantisto'.
23/09/2022 13:42:10	Import of database schema has started.
23/09/2022 13:42:16	Gathering database credentials
23/09/2022 13:42:16	Gathering database options
23/09/2022 13:42:16	Gathering generic database scoped configuration option
23/09/2022 13:42:16	Gathering users
23/09/2022 13:42:16	Gathering roles
23/09/2022 13:42:16	Gathering application roles
23/09/2022 13:42:16	Gathering role memberships
23/09/2022 13:42:16	Gathering filegroups
23/09/2022 13:42:16	Gathering full-text catalogs
23/09/2022 13:42:16	Gathering assemblies
23/09/2022 13:42:16	Gathering certificates
23/09/2022 13:42:16	Gathering asymmetric keys
23/09/2022 13:42:16	Gathering symmetric keys
23/09/2022 13:42:16	Gathering encrypted symmetric keys
23/09/2022 13:42:16	Gathering schemas
23/09/2022 13:42:16	Gathering XML schema collections
23/09/2022 13:42:16	Gathering user-defined data types
23/09/2022 13:42:16	Gathering user-defined types
23/09/2022 13:42:16	Gathering table types
23/09/2022 13:42:16	Gathering unique keys for table types
23/09/2022 13:42:16	Gathering primary keys for table types
23/09/2022 13:42:16	Gathering indexes for table types
23/09/2022 13:42:16	Gathering check constraints for table types
23/09/2022 13:42:16	Gathering default constraints for table types
23/09/2022 13:42:16	Gathering partition functions
23/09/2022 13:42:16	Gathering partition schemes
23/09/2022 13:42:16	Gathering functions
23/09/2022 13:42:16	Gathering encrypted functions
23/09/2022 13:42:16	Gathering aggregates
23/09/2022 13:42:16	Gathering procedures
23/09/2022 13:42:16	Gathering encrypted procedures
23/09/2022 13:42:16	Gathering tables
23/09/2022 13:42:16	Gathering primary keys
23/09/2022 13:42:16	Gathering unique constraints
23/09/2022 13:42:16	Gathering foreign keys
23/09/2022 13:42:16	Gathering default constraints
23/09/2022 13:42:16	Gathering check constraints
23/09/2022 13:42:16	Gathering views
23/09/2022 13:42:16	Gathering encrypted views
23/09/2022 13:42:16	Gathering indexes
23/09/2022 13:42:16	Gathering statistics
23/09/2022 13:42:16	Gathering full-text index stoplists
23/09/2022 13:42:16	Gathering search property lists
23/09/2022 13:42:16	Gathering search properties
23/09/2022 13:42:16	Gathering full-text indexes
23/09/2022 13:42:16	Gathering column store indexes
23/09/2022 13:42:16	Gathering spatial indexes
23/09/2022 13:42:17	Gathering XML indexes
23/09/2022 13:42:17	Gathering Selective XML indexes
23/09/2022 13:42:17	Gathering encrypted triggers
23/09/2022 13:42:17	Gathering triggers
23/09/2022 13:42:17	Gathering encrypted and clr ddl triggers
23/09/2022 13:42:17	Gathering ddl triggers
23/09/2022 13:42:17	Creating edge constraints
23/09/2022 13:42:17	Gathering synonyms
23/09/2022 13:42:17	Gathering defaults
23/09/2022 13:42:17	Gathering data constraint uddt bindings
23/09/2022 13:42:17	Gathering rules
23/09/2022 13:42:17	Gathering data constraint uddt bindings
23/09/2022 13:42:17	Gathering message types
23/09/2022 13:42:17	Gathering queues
23/09/2022 13:42:17	Gathering contracts
23/09/2022 13:42:17	Gathering services
23/09/2022 13:42:17	Gathering event notifications
23/09/2022 13:42:17	Gathering remote service bindings
23/09/2022 13:42:17	Gathering broker priorities
23/09/2022 13:42:17	Gathering signatures
23/09/2022 13:42:17	Gathering data compression options
23/09/2022 13:42:17	Gathering sequence types
23/09/2022 13:42:17	Gathering security policies
23/09/2022 13:42:17	Gather column encryption keys
23/09/2022 13:42:17	Gathering column master keys
23/09/2022 13:42:17	Gathering external data sources
23/09/2022 13:42:17	Gathering external file formats
23/09/2022 13:42:17	Gathering external tables
23/09/2022 13:42:17	Gathering extended properties
23/09/2022 13:42:17	Gathering assemblies
23/09/2022 13:42:17	Gathering credentials
23/09/2022 13:42:17	Gathering logins
23/09/2022 13:42:17	Gathering server audits
23/09/2022 13:42:17	Scanning project for duplicate elements
23/09/2022 13:42:17	Finished duplicate element processing
23/09/2022 13:42:17	Finished importing database.
23/09/2022 13:42:17	A summary of the import was saved to the following location: C:\Users\Sayantisto\Documents\Visual Studio 2022\Projects\C# Windows Forms\C#Applications\FormApp_PhoneService\PhoneService_DB\Import Schema Logs\PhoneService_DB_20220923104210.log
23/09/2022 13:42:17	Click Finish to continue...
